{"total": {"lines":{"total":54,"covered":51,"skipped":0,"pct":94.44},"statements":{"total":58,"covered":55,"skipped":0,"pct":94.83},"functions":{"total":24,"covered":23,"skipped":0,"pct":95.83},"branches":{"total":16,"covered":13,"skipped":0,"pct":81.25}}
,"/Users/cyclops/code/synthetic-redux/src/SyntheticActions.js": {"lines":{"total":17,"covered":16,"skipped":0,"pct":94.12},"functions":{"total":11,"covered":10,"skipped":0,"pct":90.91},"statements":{"total":19,"covered":18,"skipped":0,"pct":94.74},"branches":{"total":5,"covered":4,"skipped":0,"pct":80}}
,"/Users/cyclops/code/synthetic-redux/src/SyntheticReducer.js": {"lines":{"total":6,"covered":6,"skipped":0,"pct":100},"functions":{"total":2,"covered":2,"skipped":0,"pct":100},"statements":{"total":7,"covered":7,"skipped":0,"pct":100},"branches":{"total":5,"covered":5,"skipped":0,"pct":100}}
,"/Users/cyclops/code/synthetic-redux/src/SyntheticRedux.js": {"lines":{"total":13,"covered":13,"skipped":0,"pct":100},"functions":{"total":9,"covered":9,"skipped":0,"pct":100},"statements":{"total":13,"covered":13,"skipped":0,"pct":100},"branches":{"total":2,"covered":1,"skipped":0,"pct":50}}
,"/Users/cyclops/code/synthetic-redux/src/SyntheticSagaEffect.js": {"lines":{"total":14,"covered":12,"skipped":0,"pct":85.71},"functions":{"total":2,"covered":2,"skipped":0,"pct":100},"statements":{"total":15,"covered":13,"skipped":0,"pct":86.67},"branches":{"total":4,"covered":3,"skipped":0,"pct":75}}
,"/Users/cyclops/code/synthetic-redux/src/constants.js": {"lines":{"total":4,"covered":4,"skipped":0,"pct":100},"functions":{"total":0,"covered":0,"skipped":0,"pct":100},"statements":{"total":4,"covered":4,"skipped":0,"pct":100},"branches":{"total":0,"covered":0,"skipped":0,"pct":100}}
}
